installing grafana-piechart-panel @ 1.4.0,
from url: https://grafana.com/api/plugins/grafana-piechart-panel/versions/1.4.0/download,
into: /var/lib/grafana/plugins,
,
✔ Installed grafana-piechart-panel successfully ,
,
Restart grafana after installing plugins . <service grafana-server restart>,
,
installing grafana-worldmap-panel @ 0.3.1,
from url: https://grafana.com/api/plugins/grafana-worldmap-panel/versions/0.3.1/download,
into: /var/lib/grafana/plugins,
,
✔ Installed grafana-worldmap-panel successfully ,
,
Restart grafana after installing plugins . <service grafana-server restart>,
,
installing savantly-heatmap-panel @ 0.2.0,
from url: https://grafana.com/api/plugins/savantly-heatmap-panel/versions/0.2.0/download,
into: /var/lib/grafana/plugins,
,
✔ Installed savantly-heatmap-panel successfully ,
,
Restart grafana after installing plugins . <service grafana-server restart>,
,
installing grafana-clock-panel @ 1.0.3,
from url: https://grafana.com/api/plugins/grafana-clock-panel/versions/1.0.3/download,
into: /var/lib/grafana/plugins,
,
✔ Installed grafana-clock-panel successfully ,
,
Restart grafana after installing plugins . <service grafana-server restart>,
,
t=2020-07-03T11:01:16+0000 lvl=info msg="Starting Grafana" logger=main version=4.4.2 commit=6d9cbdd compiled=2017-08-01T07:14:49+0000,
t=2020-07-03T11:01:16+0000 lvl=info msg="Config loaded from" logger=settings file=/usr/share/grafana/conf/defaults.ini,
t=2020-07-03T11:01:16+0000 lvl=info msg="Config loaded from" logger=settings file=/etc/grafana/grafana.ini,
t=2020-07-03T11:01:16+0000 lvl=info msg="Config overridden from command line" logger=settings arg="default.paths.data=/var/lib/grafana",
t=2020-07-03T11:01:16+0000 lvl=info msg="Config overridden from command line" logger=settings arg="default.paths.logs=/var/log/grafana",
t=2020-07-03T11:01:16+0000 lvl=info msg="Config overridden from command line" logger=settings arg="default.paths.plugins=/var/lib/grafana/plugins",
t=2020-07-03T11:01:16+0000 lvl=info msg="Config overridden from command line" logger=settings arg="default.log.mode=console",
t=2020-07-03T11:01:16+0000 lvl=info msg="Config overridden from Environment variable" logger=settings var="GF_SECURITY_ADMIN_USER=admin",
t=2020-07-03T11:01:16+0000 lvl=info msg="Config overridden from Environment variable" logger=settings var="GF_SECURITY_ADMIN_PASSWORD=*********",
t=2020-07-03T11:01:16+0000 lvl=info msg="Path Home" logger=settings path=/usr/share/grafana,
t=2020-07-03T11:01:16+0000 lvl=info msg="Path Data" logger=settings path=/var/lib/grafana,
t=2020-07-03T11:01:16+0000 lvl=info msg="Path Logs" logger=settings path=/var/log/grafana,
t=2020-07-03T11:01:16+0000 lvl=info msg="Path Plugins" logger=settings path=/var/lib/grafana/plugins,
t=2020-07-03T11:01:16+0000 lvl=info msg="Initializing DB" logger=sqlstore dbtype=sqlite3,
t=2020-07-03T11:01:16+0000 lvl=info msg="Starting DB migration" logger=migrator,
t=2020-07-03T11:01:16+0000 lvl=info msg="Executing migration" logger=migrator id="create migration_log table",
t=2020-07-03T11:01:16+0000 lvl=info msg="Executing migration" logger=migrator id="create user table",
t=2020-07-03T11:01:16+0000 lvl=info msg="Executing migration" logger=migrator id="add unique index user.login",
t=2020-07-03T11:01:16+0000 lvl=info msg="Executing migration" logger=migrator id="add unique index user.email",
t=2020-07-03T11:01:16+0000 lvl=info msg="Executing migration" logger=migrator id="drop index UQE_user_login - v1",
t=2020-07-03T11:01:16+0000 lvl=info msg="Executing migration" logger=migrator id="drop index UQE_user_email - v1",
t=2020-07-03T11:01:16+0000 lvl=info msg="Executing migration" logger=migrator id="Rename table user to user_v1 - v1",
t=2020-07-03T11:01:16+0000 lvl=info msg="Executing migration" logger=migrator id="create user table v2",
t=2020-07-03T11:01:16+0000 lvl=info msg="Executing migration" logger=migrator id="create index UQE_user_login - v2",
t=2020-07-03T11:01:16+0000 lvl=info msg="Executing migration" logger=migrator id="create index UQE_user_email - v2",
t=2020-07-03T11:01:16+0000 lvl=info msg="Executing migration" logger=migrator id="copy data_source v1 to v2",
t=2020-07-03T11:01:17+0000 lvl=info msg="Executing migration" logger=migrator id="Drop old table user_v1",
t=2020-07-03T11:01:17+0000 lvl=info msg="Executing migration" logger=migrator id="Add column help_flags1 to user table",
t=2020-07-03T11:01:17+0000 lvl=info msg="Executing migration" logger=migrator id="Update user table charset",
t=2020-07-03T11:01:17+0000 lvl=info msg="Executing migration" logger=migrator id="create temp user table v1-7",
t=2020-07-03T11:01:17+0000 lvl=info msg="Executing migration" logger=migrator id="create index IDX_temp_user_email - v1-7",
t=2020-07-03T11:01:17+0000 lvl=info msg="Executing migration" logger=migrator id="create index IDX_temp_user_org_id - v1-7",
t=2020-07-03T11:01:17+0000 lvl=info msg="Executing migration" logger=migrator id="create index IDX_temp_user_code - v1-7",
t=2020-07-03T11:01:17+0000 lvl=info msg="Executing migration" logger=migrator id="create index IDX_temp_user_status - v1-7",
t=2020-07-03T11:01:17+0000 lvl=info msg="Executing migration" logger=migrator id="Update temp_user table charset",
t=2020-07-03T11:01:17+0000 lvl=info msg="Executing migration" logger=migrator id="create star table",
t=2020-07-03T11:01:17+0000 lvl=info msg="Executing migration" logger=migrator id="add unique index star.user_id_dashboard_id",
t=2020-07-03T11:01:18+0000 lvl=info msg="Executing migration" logger=migrator id="create org table v1",
t=2020-07-03T11:01:18+0000 lvl=info msg="Executing migration" logger=migrator id="create index UQE_org_name - v1",
t=2020-07-03T11:01:18+0000 lvl=info msg="Executing migration" logger=migrator id="create org_user table v1",
t=2020-07-03T11:01:18+0000 lvl=info msg="Executing migration" logger=migrator id="create index IDX_org_user_org_id - v1",
t=2020-07-03T11:01:18+0000 lvl=info msg="Executing migration" logger=migrator id="create index UQE_org_user_org_id_user_id - v1",
t=2020-07-03T11:01:18+0000 lvl=info msg="Executing migration" logger=migrator id="copy data account to org",
t=2020-07-03T11:01:18+0000 lvl=info msg="Skipping migration condition not fulfilled" logger=migrator id="copy data account to org",
t=2020-07-03T11:01:18+0000 lvl=info msg="Executing migration" logger=migrator id="copy data account_user to org_user",
t=2020-07-03T11:01:18+0000 lvl=info msg="Skipping migration condition not fulfilled" logger=migrator id="copy data account_user to org_user",
t=2020-07-03T11:01:18+0000 lvl=info msg="Executing migration" logger=migrator id="Drop old table account",
t=2020-07-03T11:01:18+0000 lvl=info msg="Executing migration" logger=migrator id="Drop old table account_user",
t=2020-07-03T11:01:18+0000 lvl=info msg="Executing migration" logger=migrator id="Update org table charset",
t=2020-07-03T11:01:19+0000 lvl=info msg="Executing migration" logger=migrator id="Update org_user table charset",
t=2020-07-03T11:01:19+0000 lvl=info msg="Executing migration" logger=migrator id="create dashboard table",
t=2020-07-03T11:01:19+0000 lvl=info msg="Executing migration" logger=migrator id="add index dashboard.account_id",
t=2020-07-03T11:01:19+0000 lvl=info msg="Executing migration" logger=migrator id="add unique index dashboard_account_id_slug",
t=2020-07-03T11:01:19+0000 lvl=info msg="Executing migration" logger=migrator id="create dashboard_tag table",
t=2020-07-03T11:01:19+0000 lvl=info msg="Executing migration" logger=migrator id="add unique index dashboard_tag.dasboard_id_term",
t=2020-07-03T11:01:19+0000 lvl=info msg="Executing migration" logger=migrator id="drop index UQE_dashboard_tag_dashboard_id_term - v1",
t=2020-07-03T11:01:19+0000 lvl=info msg="Executing migration" logger=migrator id="Rename table dashboard to dashboard_v1 - v1",
t=2020-07-03T11:01:20+0000 lvl=info msg="Executing migration" logger=migrator id="create dashboard v2",
t=2020-07-03T11:01:20+0000 lvl=info msg="Executing migration" logger=migrator id="create index IDX_dashboard_org_id - v2",
t=2020-07-03T11:01:20+0000 lvl=info msg="Executing migration" logger=migrator id="create index UQE_dashboard_org_id_slug - v2",
t=2020-07-03T11:01:20+0000 lvl=info msg="Executing migration" logger=migrator id="copy dashboard v1 to v2",
t=2020-07-03T11:01:20+0000 lvl=info msg="Executing migration" logger=migrator id="drop table dashboard_v1",
t=2020-07-03T11:01:20+0000 lvl=info msg="Executing migration" logger=migrator id="alter dashboard.data to mediumtext v1",
t=2020-07-03T11:01:20+0000 lvl=info msg="Executing migration" logger=migrator id="Add column updated_by in dashboard - v2",
t=2020-07-03T11:01:20+0000 lvl=info msg="Executing migration" logger=migrator id="Add column created_by in dashboard - v2",
t=2020-07-03T11:01:20+0000 lvl=info msg="Executing migration" logger=migrator id="Add column gnetId in dashboard",
t=2020-07-03T11:01:20+0000 lvl=info msg="Executing migration" logger=migrator id="Add index for gnetId in dashboard",
t=2020-07-03T11:01:20+0000 lvl=info msg="Executing migration" logger=migrator id="Add column plugin_id in dashboard",
t=2020-07-03T11:01:21+0000 lvl=info msg="Executing migration" logger=migrator id="Add index for plugin_id in dashboard",
t=2020-07-03T11:01:21+0000 lvl=info msg="Executing migration" logger=migrator id="Add index for dashboard_id in dashboard_tag",
t=2020-07-03T11:01:21+0000 lvl=info msg="Executing migration" logger=migrator id="Update dashboard table charset",
t=2020-07-03T11:01:21+0000 lvl=info msg="Executing migration" logger=migrator id="Update dashboard_tag table charset",
t=2020-07-03T11:01:21+0000 lvl=info msg="Executing migration" logger=migrator id="create data_source table",
t=2020-07-03T11:01:21+0000 lvl=info msg="Executing migration" logger=migrator id="add index data_source.account_id",
t=2020-07-03T11:01:21+0000 lvl=info msg="Executing migration" logger=migrator id="add unique index data_source.account_id_name",
t=2020-07-03T11:01:21+0000 lvl=info msg="Executing migration" logger=migrator id="drop index IDX_data_source_account_id - v1",
t=2020-07-03T11:01:22+0000 lvl=info msg="Executing migration" logger=migrator id="drop index UQE_data_source_account_id_name - v1",
t=2020-07-03T11:01:22+0000 lvl=info msg="Executing migration" logger=migrator id="Rename table data_source to data_source_v1 - v1",
t=2020-07-03T11:01:22+0000 lvl=info msg="Executing migration" logger=migrator id="create data_source table v2",
t=2020-07-03T11:01:23+0000 lvl=info msg="Executing migration" logger=migrator id="create index IDX_data_source_org_id - v2",
t=2020-07-03T11:01:23+0000 lvl=info msg="Executing migration" logger=migrator id="create index UQE_data_source_org_id_name - v2",
t=2020-07-03T11:01:23+0000 lvl=info msg="Executing migration" logger=migrator id="copy data_source v1 to v2",
t=2020-07-03T11:01:23+0000 lvl=info msg="Executing migration" logger=migrator id="Drop old table data_source_v1 #2",
t=2020-07-03T11:01:23+0000 lvl=info msg="Executing migration" logger=migrator id="Add column with_credentials",
t=2020-07-03T11:01:24+0000 lvl=info msg="Executing migration" logger=migrator id="Add secure json data column",
t=2020-07-03T11:01:24+0000 lvl=info msg="Executing migration" logger=migrator id="Update data_source table charset",
t=2020-07-03T11:01:24+0000 lvl=info msg="Executing migration" logger=migrator id="create api_key table",
t=2020-07-03T11:01:24+0000 lvl=info msg="Executing migration" logger=migrator id="add index api_key.account_id",
t=2020-07-03T11:01:24+0000 lvl=info msg="Executing migration" logger=migrator id="add index api_key.key",
t=2020-07-03T11:01:24+0000 lvl=info msg="Executing migration" logger=migrator id="add index api_key.account_id_name",
t=2020-07-03T11:01:24+0000 lvl=info msg="Executing migration" logger=migrator id="drop index IDX_api_key_account_id - v1",
t=2020-07-03T11:01:24+0000 lvl=info msg="Executing migration" logger=migrator id="drop index UQE_api_key_key - v1",
t=2020-07-03T11:01:24+0000 lvl=info msg="Executing migration" logger=migrator id="drop index UQE_api_key_account_id_name - v1",
t=2020-07-03T11:01:25+0000 lvl=info msg="Executing migration" logger=migrator id="Rename table api_key to api_key_v1 - v1",
t=2020-07-03T11:01:25+0000 lvl=info msg="Executing migration" logger=migrator id="create api_key table v2",
t=2020-07-03T11:01:25+0000 lvl=info msg="Executing migration" logger=migrator id="create index IDX_api_key_org_id - v2",
t=2020-07-03T11:01:25+0000 lvl=info msg="Executing migration" logger=migrator id="create index UQE_api_key_key - v2",
t=2020-07-03T11:01:25+0000 lvl=info msg="Executing migration" logger=migrator id="create index UQE_api_key_org_id_name - v2",
t=2020-07-03T11:01:25+0000 lvl=info msg="Executing migration" logger=migrator id="copy api_key v1 to v2",
t=2020-07-03T11:01:25+0000 lvl=info msg="Executing migration" logger=migrator id="Drop old table api_key_v1",
t=2020-07-03T11:01:25+0000 lvl=info msg="Executing migration" logger=migrator id="Update api_key table charset",
t=2020-07-03T11:01:25+0000 lvl=info msg="Executing migration" logger=migrator id="create dashboard_snapshot table v4",
t=2020-07-03T11:01:25+0000 lvl=info msg="Executing migration" logger=migrator id="drop table dashboard_snapshot_v4 #1",
t=2020-07-03T11:01:25+0000 lvl=info msg="Executing migration" logger=migrator id="create dashboard_snapshot table v5 #2",
t=2020-07-03T11:01:26+0000 lvl=info msg="Executing migration" logger=migrator id="create index UQE_dashboard_snapshot_key - v5",
t=2020-07-03T11:01:26+0000 lvl=info msg="Executing migration" logger=migrator id="create index UQE_dashboard_snapshot_delete_key - v5",
t=2020-07-03T11:01:26+0000 lvl=info msg="Executing migration" logger=migrator id="create index IDX_dashboard_snapshot_user_id - v5",
t=2020-07-03T11:01:26+0000 lvl=info msg="Executing migration" logger=migrator id="alter dashboard_snapshot to mediumtext v2",
t=2020-07-03T11:01:26+0000 lvl=info msg="Executing migration" logger=migrator id="Update dashboard_snapshot table charset",
t=2020-07-03T11:01:26+0000 lvl=info msg="Executing migration" logger=migrator id="create quota table v1",
t=2020-07-03T11:01:26+0000 lvl=info msg="Executing migration" logger=migrator id="create index UQE_quota_org_id_user_id_target - v1",
t=2020-07-03T11:01:26+0000 lvl=info msg="Executing migration" logger=migrator id="Update quota table charset",
t=2020-07-03T11:01:26+0000 lvl=info msg="Executing migration" logger=migrator id="create plugin_setting table",
t=2020-07-03T11:01:26+0000 lvl=info msg="Executing migration" logger=migrator id="create index UQE_plugin_setting_org_id_plugin_id - v1",
t=2020-07-03T11:01:27+0000 lvl=info msg="Executing migration" logger=migrator id="Add column plugin_version to plugin_settings",
t=2020-07-03T11:01:27+0000 lvl=info msg="Executing migration" logger=migrator id="Update plugin_setting table charset",
t=2020-07-03T11:01:27+0000 lvl=info msg="Executing migration" logger=migrator id="create session table",
t=2020-07-03T11:01:27+0000 lvl=info msg="Executing migration" logger=migrator id="Drop old table playlist table",
t=2020-07-03T11:01:27+0000 lvl=info msg="Executing migration" logger=migrator id="Drop old table playlist_item table",
t=2020-07-03T11:01:27+0000 lvl=info msg="Executing migration" logger=migrator id="create playlist table v2",
t=2020-07-03T11:01:27+0000 lvl=info msg="Executing migration" logger=migrator id="create playlist item table v2",
t=2020-07-03T11:01:27+0000 lvl=info msg="Executing migration" logger=migrator id="Update playlist table charset",
t=2020-07-03T11:01:27+0000 lvl=info msg="Executing migration" logger=migrator id="Update playlist_item table charset",
t=2020-07-03T11:01:27+0000 lvl=info msg="Executing migration" logger=migrator id="drop preferences table v2",
t=2020-07-03T11:01:28+0000 lvl=info msg="Executing migration" logger=migrator id="drop preferences table v3",
t=2020-07-03T11:01:28+0000 lvl=info msg="Executing migration" logger=migrator id="create preferences table v3",
t=2020-07-03T11:01:28+0000 lvl=info msg="Executing migration" logger=migrator id="Update preferences table charset",
t=2020-07-03T11:01:28+0000 lvl=info msg="Executing migration" logger=migrator id="create alert table v1",
t=2020-07-03T11:01:28+0000 lvl=info msg="Executing migration" logger=migrator id="add index alert org_id & id ",
t=2020-07-03T11:01:28+0000 lvl=info msg="Executing migration" logger=migrator id="add index alert state",
t=2020-07-03T11:01:28+0000 lvl=info msg="Executing migration" logger=migrator id="add index alert dashboard_id",
t=2020-07-03T11:01:28+0000 lvl=info msg="Executing migration" logger=migrator id="create alert_notification table v1",
t=2020-07-03T11:01:29+0000 lvl=info msg="Executing migration" logger=migrator id="Add column is_default",
t=2020-07-03T11:01:29+0000 lvl=info msg="Executing migration" logger=migrator id="add index alert_notification org_id & name",
t=2020-07-03T11:01:29+0000 lvl=info msg="Executing migration" logger=migrator id="Update alert table charset",
t=2020-07-03T11:01:29+0000 lvl=info msg="Executing migration" logger=migrator id="Update alert_notification table charset",
t=2020-07-03T11:01:29+0000 lvl=info msg="Executing migration" logger=migrator id="Drop old annotation table v4",
t=2020-07-03T11:01:29+0000 lvl=info msg="Executing migration" logger=migrator id="create annotation table v5",
t=2020-07-03T11:01:29+0000 lvl=info msg="Executing migration" logger=migrator id="add index annotation 0 v3",
t=2020-07-03T11:01:30+0000 lvl=info msg="Executing migration" logger=migrator id="add index annotation 1 v3",
t=2020-07-03T11:01:30+0000 lvl=info msg="Executing migration" logger=migrator id="add index annotation 2 v3",
t=2020-07-03T11:01:30+0000 lvl=info msg="Executing migration" logger=migrator id="add index annotation 3 v3",
t=2020-07-03T11:01:30+0000 lvl=info msg="Executing migration" logger=migrator id="add index annotation 4 v3",
t=2020-07-03T11:01:30+0000 lvl=info msg="Executing migration" logger=migrator id="Update annotation table charset",
t=2020-07-03T11:01:30+0000 lvl=info msg="Executing migration" logger=migrator id="Add column region_id to annotation table",
t=2020-07-03T11:01:30+0000 lvl=info msg="Executing migration" logger=migrator id="create test_data table",
t=2020-07-03T11:01:30+0000 lvl=info msg="Executing migration" logger=migrator id="create dashboard_version table v1",
t=2020-07-03T11:01:30+0000 lvl=info msg="Executing migration" logger=migrator id="add index dashboard_version.dashboard_id",
t=2020-07-03T11:01:31+0000 lvl=info msg="Executing migration" logger=migrator id="add unique index dashboard_version.dashboard_id and dashboard_version.version",
t=2020-07-03T11:01:31+0000 lvl=info msg="Executing migration" logger=migrator id="Set dashboard version to 1 where 0",
t=2020-07-03T11:01:31+0000 lvl=info msg="Executing migration" logger=migrator id="save existing dashboard data in dashboard_version table v1",
t=2020-07-03T11:01:31+0000 lvl=info msg="Executing migration" logger=migrator id="alter dashboard_version.data to mediumtext v1",
t=2020-07-03T11:01:32+0000 lvl=info msg="Created default admin user: admin",
t=2020-07-03T11:01:32+0000 lvl=info msg="Starting plugin search" logger=plugins,
t=2020-07-03T11:01:33+0000 lvl=info msg="Registering plugin" logger=plugins name=Clock,
t=2020-07-03T11:01:33+0000 lvl=info msg="Registering plugin" logger=plugins name="Pie Chart",
t=2020-07-03T11:01:35+0000 lvl=info msg="Registering plugin" logger=plugins name="Worldmap Panel",
t=2020-07-03T11:01:36+0000 lvl=info msg="Registering plugin" logger=plugins name=Heatmap,
t=2020-07-03T11:01:36+0000 lvl=info msg="Initializing Alerting" logger=alerting.engine,
t=2020-07-03T11:01:36+0000 lvl=info msg="Initializing CleanUpService" logger=cleanup,
t=2020-07-03T11:01:36+0000 lvl=info msg="Initializing Stream Manager",
t=2020-07-03T11:01:36+0000 lvl=info msg="Initializing HTTP Server" logger=http.server address=0.0.0.0:3000 protocol=http subUrl= socket=,
[]{"id":1,"message":"Datasource added","name":"InfluxDB"}t=2020-07-03T11:01:38+0000 lvl=info msg="Shutdown started" logger=server code=0 reason="system signal: terminated",
t=2020-07-03T11:01:38+0000 lvl=info msg="stopped http server" logger=http.server,
t=2020-07-03T11:01:38+0000 lvl=info msg="Stopped CleanUpService" logger=cleanup reason="context canceled",
t=2020-07-03T11:01:38+0000 lvl=info msg="Stopped Stream Manager",
t=2020-07-03T11:01:38+0000 lvl=info msg="Stopped Alerting" logger=alerting.engine reason="context canceled",
t=2020-07-03T11:01:38+0000 lvl=info msg="Shutdown completed" logger=server reason="context canceled",
installing grafana-piechart-panel @ 1.4.0,
from url: https://grafana.com/api/plugins/grafana-piechart-panel/versions/1.4.0/download,
into: /var/lib/grafana/plugins,
,
✔ Installed grafana-piechart-panel successfully ,
,
Restart grafana after installing plugins . <service grafana-server restart>,
,
installing grafana-worldmap-panel @ 0.3.1,
from url: https://grafana.com/api/plugins/grafana-worldmap-panel/versions/0.3.1/download,
into: /var/lib/grafana/plugins,
,
✔ Installed grafana-worldmap-panel successfully ,
,
Restart grafana after installing plugins . <service grafana-server restart>,
,
installing savantly-heatmap-panel @ 0.2.0,
from url: https://grafana.com/api/plugins/savantly-heatmap-panel/versions/0.2.0/download,
into: /var/lib/grafana/plugins,
,
✔ Installed savantly-heatmap-panel successfully ,
,
Restart grafana after installing plugins . <service grafana-server restart>,
,
installing grafana-clock-panel @ 1.0.3,
from url: https://grafana.com/api/plugins/grafana-clock-panel/versions/1.0.3/download,
into: /var/lib/grafana/plugins,
,
✔ Installed grafana-clock-panel successfully ,
,
Restart grafana after installing plugins . <service grafana-server restart>,
,
t=2020-07-03T11:02:03+0000 lvl=info msg="Starting Grafana" logger=main version=4.4.2 commit=6d9cbdd compiled=2017-08-01T07:14:49+0000,
t=2020-07-03T11:02:03+0000 lvl=info msg="Config loaded from" logger=settings file=/usr/share/grafana/conf/defaults.ini,
t=2020-07-03T11:02:03+0000 lvl=info msg="Config loaded from" logger=settings file=/etc/grafana/grafana.ini,
t=2020-07-03T11:02:03+0000 lvl=info msg="Config overridden from command line" logger=settings arg="default.paths.data=/var/lib/grafana",
t=2020-07-03T11:02:03+0000 lvl=info msg="Config overridden from command line" logger=settings arg="default.paths.logs=/var/log/grafana",
t=2020-07-03T11:02:03+0000 lvl=info msg="Config overridden from command line" logger=settings arg="default.paths.plugins=/var/lib/grafana/plugins",
t=2020-07-03T11:02:03+0000 lvl=info msg="Config overridden from command line" logger=settings arg="default.log.mode=console",
t=2020-07-03T11:02:03+0000 lvl=info msg="Config overridden from Environment variable" logger=settings var="GF_SECURITY_ADMIN_USER=admin",
t=2020-07-03T11:02:03+0000 lvl=info msg="Config overridden from Environment variable" logger=settings var="GF_SECURITY_ADMIN_PASSWORD=*********",
t=2020-07-03T11:02:03+0000 lvl=info msg="Path Home" logger=settings path=/usr/share/grafana,
t=2020-07-03T11:02:03+0000 lvl=info msg="Path Data" logger=settings path=/var/lib/grafana,
t=2020-07-03T11:02:03+0000 lvl=info msg="Path Logs" logger=settings path=/var/log/grafana,
t=2020-07-03T11:02:03+0000 lvl=info msg="Path Plugins" logger=settings path=/var/lib/grafana/plugins,
t=2020-07-03T11:02:03+0000 lvl=info msg="Initializing DB" logger=sqlstore dbtype=sqlite3,
t=2020-07-03T11:02:03+0000 lvl=info msg="Starting DB migration" logger=migrator,
t=2020-07-03T11:02:03+0000 lvl=info msg="Executing migration" logger=migrator id="copy data account to org",
t=2020-07-03T11:02:03+0000 lvl=info msg="Skipping migration condition not fulfilled" logger=migrator id="copy data account to org",
t=2020-07-03T11:02:03+0000 lvl=info msg="Executing migration" logger=migrator id="copy data account_user to org_user",
t=2020-07-03T11:02:03+0000 lvl=info msg="Skipping migration condition not fulfilled" logger=migrator id="copy data account_user to org_user",
t=2020-07-03T11:02:03+0000 lvl=info msg="Starting plugin search" logger=plugins,
t=2020-07-03T11:02:04+0000 lvl=info msg="Registering plugin" logger=plugins name=Clock,
t=2020-07-03T11:02:05+0000 lvl=info msg="Registering plugin" logger=plugins name="Pie Chart",
t=2020-07-03T11:02:07+0000 lvl=info msg="Registering plugin" logger=plugins name="Worldmap Panel",
t=2020-07-03T11:02:07+0000 lvl=info msg="Registering plugin" logger=plugins name=Heatmap,
t=2020-07-03T11:02:07+0000 lvl=info msg="Initializing Alerting" logger=alerting.engine,
t=2020-07-03T11:02:07+0000 lvl=info msg="Initializing CleanUpService" logger=cleanup,
t=2020-07-03T11:02:07+0000 lvl=info msg="Initializing Stream Manager",
t=2020-07-03T11:02:07+0000 lvl=info msg="Initializing HTTP Server" logger=http.server address=0.0.0.0:3000 protocol=http subUrl= socket=,
t=2020-07-03T12:16:06+0000 lvl=info msg="Request Completed" logger=context userId=0 orgId=0 uname= method=GET path=/ status=302 remote_addr=172.28.0.1 time_ms=152 size=29 referer=http://192.168.178.44:3000/login,
t=2020-07-03T20:41:37+0000 lvl=info msg="Shutdown started" logger=server code=0 reason="system signal: terminated",
installing grafana-piechart-panel @ 1.4.0,
from url: https://grafana.com/api/plugins/grafana-piechart-panel/versions/1.4.0/download,
into: /var/lib/grafana/plugins,
,
✔ Installed grafana-piechart-panel successfully ,
,
Restart grafana after installing plugins . <service grafana-server restart>,
,
installing grafana-worldmap-panel @ 0.3.1,
from url: https://grafana.com/api/plugins/grafana-worldmap-panel/versions/0.3.1/download,
into: /var/lib/grafana/plugins,
,
✔ Installed grafana-worldmap-panel successfully ,
,
Restart grafana after installing plugins . <service grafana-server restart>,
,
installing savantly-heatmap-panel @ 0.2.0,
from url: https://grafana.com/api/plugins/savantly-heatmap-panel/versions/0.2.0/download,
into: /var/lib/grafana/plugins,
,
✔ Installed savantly-heatmap-panel successfully ,
,
Restart grafana after installing plugins . <service grafana-server restart>,
,
installing grafana-clock-panel @ 1.0.3,
from url: https://grafana.com/api/plugins/grafana-clock-panel/versions/1.0.3/download,
into: /var/lib/grafana/plugins,
,
✔ Installed grafana-clock-panel successfully ,
,
Restart grafana after installing plugins . <service grafana-server restart>,
,
t=2020-07-03T21:26:53+0000 lvl=info msg="Starting Grafana" logger=main version=4.4.2 commit=6d9cbdd compiled=2017-08-01T07:14:49+0000,
t=2020-07-03T21:26:53+0000 lvl=info msg="Config loaded from" logger=settings file=/usr/share/grafana/conf/defaults.ini,
t=2020-07-03T21:26:53+0000 lvl=info msg="Config loaded from" logger=settings file=/etc/grafana/grafana.ini,
t=2020-07-03T21:26:53+0000 lvl=info msg="Config overridden from command line" logger=settings arg="default.paths.data=/var/lib/grafana",
t=2020-07-03T21:26:53+0000 lvl=info msg="Config overridden from command line" logger=settings arg="default.paths.logs=/var/log/grafana",
t=2020-07-03T21:26:53+0000 lvl=info msg="Config overridden from command line" logger=settings arg="default.paths.plugins=/var/lib/grafana/plugins",
t=2020-07-03T21:26:53+0000 lvl=info msg="Config overridden from command line" logger=settings arg="default.log.mode=console",
t=2020-07-03T21:26:53+0000 lvl=info msg="Config overridden from Environment variable" logger=settings var="GF_SECURITY_ADMIN_USER=admin",
t=2020-07-03T21:26:53+0000 lvl=info msg="Config overridden from Environment variable" logger=settings var="GF_SECURITY_ADMIN_PASSWORD=*********",
t=2020-07-03T21:26:53+0000 lvl=info msg="Path Home" logger=settings path=/usr/share/grafana,
t=2020-07-03T21:26:53+0000 lvl=info msg="Path Data" logger=settings path=/var/lib/grafana,
t=2020-07-03T21:26:53+0000 lvl=info msg="Path Logs" logger=settings path=/var/log/grafana,
t=2020-07-03T21:26:53+0000 lvl=info msg="Path Plugins" logger=settings path=/var/lib/grafana/plugins,
t=2020-07-03T21:26:53+0000 lvl=info msg="Initializing DB" logger=sqlstore dbtype=sqlite3,
t=2020-07-03T21:26:53+0000 lvl=info msg="Starting DB migration" logger=migrator,
t=2020-07-03T21:26:53+0000 lvl=info msg="Executing migration" logger=migrator id="copy data account to org",
t=2020-07-03T21:26:53+0000 lvl=info msg="Skipping migration condition not fulfilled" logger=migrator id="copy data account to org",
t=2020-07-03T21:26:53+0000 lvl=info msg="Executing migration" logger=migrator id="copy data account_user to org_user",
t=2020-07-03T21:26:53+0000 lvl=info msg="Skipping migration condition not fulfilled" logger=migrator id="copy data account_user to org_user",
t=2020-07-03T21:26:53+0000 lvl=info msg="Starting plugin search" logger=plugins,
t=2020-07-03T21:26:54+0000 lvl=info msg="Registering plugin" logger=plugins name=Clock,
t=2020-07-03T21:26:54+0000 lvl=info msg="Registering plugin" logger=plugins name="Pie Chart",
t=2020-07-03T21:26:55+0000 lvl=info msg="Registering plugin" logger=plugins name="Worldmap Panel",
t=2020-07-03T21:26:56+0000 lvl=info msg="Registering plugin" logger=plugins name=Heatmap,
t=2020-07-03T21:26:56+0000 lvl=info msg="Initializing Alerting" logger=alerting.engine,
t=2020-07-03T21:26:56+0000 lvl=info msg="Initializing CleanUpService" logger=cleanup,
t=2020-07-03T21:26:56+0000 lvl=info msg="Initializing Stream Manager",
t=2020-07-03T21:26:56+0000 lvl=info msg="Initializing HTTP Server" logger=http.server address=0.0.0.0:3000 protocol=http subUrl= socket=,